<?xml version="1.0" encoding="UTF-8"?>
<testng-results ignored="0" total="1" passed="1" failed="0" skipped="0">
  <reporter-output>
  </reporter-output>
  <suite started-at="2024-01-02T16:43:29 EET" name="Default suite" finished-at="2024-01-02T16:43:36 EET" duration-ms="7275">
    <groups>
    </groups>
    <test started-at="2024-01-02T16:43:29 EET" name="Default test" finished-at="2024-01-02T16:43:36 EET" duration-ms="7275">
      <class name="almosafer.AlmosaferNum4">
        <test-method is-config="true" signature="MyBeforeTest()[pri:0, instance:almosafer.AlmosaferNum4@3174cb09]" started-at="2024-01-02T16:43:29 EET" name="MyBeforeTest" finished-at="2024-01-02T16:43:35 EET" duration-ms="5919" status="PASS">
          <reporter-output>
          </reporter-output>
        </test-method> <!-- MyBeforeTest -->
        <test-method signature="MyTest()[pri:0, instance:almosafer.AlmosaferNum4@3174cb09]" started-at="2024-01-02T16:43:35 EET" name="MyTest" finished-at="2024-01-02T16:43:36 EET" duration-ms="1327" status="PASS">
          <reporter-output>
          </reporter-output>
        </test-method> <!-- MyTest -->
        <test-method is-config="true" signature="MyAfterTest()[pri:0, instance:almosafer.AlmosaferNum4@3174cb09]" started-at="2024-01-02T16:43:36 EET" name="MyAfterTest" finished-at="2024-01-02T16:43:36 EET" duration-ms="1" status="PASS">
          <reporter-output>
          </reporter-output>
        </test-method> <!-- MyAfterTest -->
      </class> <!-- almosafer.AlmosaferNum4 -->
    </test> <!-- Default test -->
  </suite> <!-- Default suite -->
</testng-results>
